# JRE version: Java(TM) SE Runtime Environment (7.0_79-b15) (build 1.7.0_79-b15)
# Java VM: Java HotSpot(TM) Client VM (24.79-b02 mixed mode, sharing windows-x86 )
Heap
 def new generation   total 4928K, used 3130K [0x24400000, 0x24950000, 0x29950000)
  eden space 4416K,  61% used [0x24400000, 0x246a4850, 0x24850000)
  from space 512K,  82% used [0x248d0000, 0x2493a178, 0x24950000)
  to   space 512K,   0% used [0x24850000, 0x24850000, 0x248d0000)
 tenured generation   total 10944K, used 4506K [0x29950000, 0x2a400000, 0x34400000)
   the space 10944K,  41% used [0x29950000, 0x29db6948, 0x29db6a00, 0x2a400000)
 compacting perm gen  total 12288K, used 1843K [0x34400000, 0x35000000, 0x38400000)
   the space 12288K,  15% used [0x34400000, 0x345ccd78, 0x345cce00, 0x35000000)
    ro space 10240K,  42% used [0x38400000, 0x38836058, 0x38836200, 0x38e00000)
    rw space 12288K,  51% used [0x38e00000, 0x3943bdb0, 0x3943be00, 0x39a00000)
GC Heap History (6 events):
Event: 0.273 GC heap before
{Heap before GC invocations=0 (full 0):
 def new generation   total 4928K, used 1866K [0x24400000, 0x24950000, 0x29950000)
  eden space 4416K,  42% used [0x24400000, 0x245d2b88, 0x24850000)
  from space 512K,   0% used [0x24850000, 0x24850000, 0x248d0000)
  to   space 512K,   0% used [0x248d0000, 0x248d0000, 0x24950000)
 tenured generation   total 10944K, used 0K [0x29950000, 0x2a400000, 0x34400000)
   the space 10944K,   0% used [0x29950000, 0x29950000, 0x29950200, 0x2a400000)
 compacting perm gen  total 12288K, used 796K [0x34400000, 0x35000000, 0x38400000)
   the space 12288K,   6% used [0x34400000, 0x344c71b8, 0x344c7200, 0x35000000)
    ro space 10240K,  42% used [0x38400000, 0x38836058, 0x38836200, 0x38e00000)
    rw space 12288K,  51% used [0x38e00000, 0x3943bdb0, 0x3943be00, 0x39a00000)
Event: 0.278 GC heap after
Heap after GC invocations=1 (full 0):
 def new generation   total 4928K, used 512K [0x24400000, 0x24950000, 0x29950000)
  eden space 4416K,   0% used [0x24400000, 0x24400000, 0x24850000)
  from space 512K, 100% used [0x248d0000, 0x24950000, 0x24950000)
  to   space 512K,   0% used [0x24850000, 0x24850000, 0x248d0000)
 tenured generation   total 10944K, used 174K [0x29950000, 0x2a400000, 0x34400000)
   the space 10944K,   1% used [0x29950000, 0x2997b970, 0x2997ba00, 0x2a400000)
 compacting perm gen  total 12288K, used 796K [0x34400000, 0x35000000, 0x38400000)
   the space 12288K,   6% used [0x34400000, 0x344c71b8, 0x344c7200, 0x35000000)
    ro space 10240K,  42% used [0x38400000, 0x38836058, 0x38836200, 0x38e00000)
    rw space 12288K,  51% used [0x38e00000, 0x3943bdb0, 0x3943be00, 0x39a00000)
}
Event: 0.335 GC heap before
{Heap before GC invocations=1 (full 0):
 def new generation   total 4928K, used 4665K [0x24400000, 0x24950000, 0x29950000)
  eden space 4416K,  94% used [0x24400000, 0x2480e5c8, 0x24850000)
  from space 512K, 100% used [0x248d0000, 0x24950000, 0x24950000)
  to   space 512K,   0% used [0x24850000, 0x24850000, 0x248d0000)
 tenured generation   total 10944K, used 174K [0x29950000, 0x2a400000, 0x34400000)
   the space 10944K,   1% used [0x29950000, 0x2997b970, 0x2997ba00, 0x2a400000)
 compacting perm gen  total 12288K, used 1062K [0x34400000, 0x35000000, 0x38400000)
   the space 12288K,   8% used [0x34400000, 0x34509b30, 0x34509c00, 0x35000000)
    ro space 10240K,  42% used [0x38400000, 0x38836058, 0x38836200, 0x38e00000)
    rw space 12288K,  51% used [0x38e00000, 0x3943bdb0, 0x3943be00, 0x39a00000)
Event: 0.342 GC heap after
Heap after GC invocations=2 (full 0):
 def new generation   total 4928K, used 221K [0x24400000, 0x24950000, 0x29950000)
  eden space 4416K,   0% used [0x24400000, 0x24400000, 0x24850000)
  from space 512K,  43% used [0x24850000, 0x24887648, 0x248d0000)
  to   space 512K,   0% used [0x248d0000, 0x248d0000, 0x24950000)
 tenured generation   total 10944K, used 3623K [0x29950000, 0x2a400000, 0x34400000)
   the space 10944K,  33% used [0x29950000, 0x29cd9df8, 0x29cd9e00, 0x2a400000)
 compacting perm gen  total 12288K, used 1062K [0x34400000, 0x35000000, 0x38400000)
   the space 12288K,   8% used [0x34400000, 0x34509b30, 0x34509c00, 0x35000000)
    ro space 10240K,  42% used [0x38400000, 0x38836058, 0x38836200, 0x38e00000)
    rw space 12288K,  51% used [0x38e00000, 0x3943bdb0, 0x3943be00, 0x39a00000)
}
Event: 40.263 GC heap before
{Heap before GC invocations=2 (full 0):
 def new generation   total 4928K, used 4637K [0x24400000, 0x24950000, 0x29950000)
  eden space 4416K, 100% used [0x24400000, 0x24850000, 0x24850000)
  from space 512K,  43% used [0x24850000, 0x24887648, 0x248d0000)
  to   space 512K,   0% used [0x248d0000, 0x248d0000, 0x24950000)
 tenured generation   total 10944K, used 3623K [0x29950000, 0x2a400000, 0x34400000)
   the space 10944K,  33% used [0x29950000, 0x29cd9df8, 0x29cd9e00, 0x2a400000)
 compacting perm gen  total 12288K, used 1700K [0x34400000, 0x35000000, 0x38400000)
   the space 12288K,  13% used [0x34400000, 0x345a9328, 0x345a9400, 0x35000000)
    ro space 10240K,  42% used [0x38400000, 0x38836058, 0x38836200, 0x38e00000)
    rw space 12288K,  51% used [0x38e00000, 0x3943bdb0, 0x3943be00, 0x39a00000)
Event: 40.268 GC heap after
Heap after GC invocations=3 (full 0):
 def new generation   total 4928K, used 424K [0x24400000, 0x24950000, 0x29950000)
  eden space 4416K,   0% used [0x24400000, 0x24400000, 0x24850000)
  from space 512K,  82% used [0x248d0000, 0x2493a178, 0x24950000)
  to   space 512K,   0% used [0x24850000, 0x24850000, 0x248d0000)
 tenured generation   total 10944K, used 4506K [0x29950000, 0x2a400000, 0x34400000)
   the space 10944K,  41% used [0x29950000, 0x29db6948, 0x29db6a00, 0x2a400000)
 compacting perm gen  total 12288K, used 1700K [0x34400000, 0x35000000, 0x38400000)
   the space 12288K,  13% used [0x34400000, 0x345a9328, 0x345a9400, 0x35000000)
    ro space 10240K,  42% used [0x38400000, 0x38836058, 0x38836200, 0x38e00000)
    rw space 12288K,  51% used [0x38e00000, 0x3943bdb0, 0x3943be00, 0x39a00000)
}

