# JRE version: Java(TM) SE Runtime Environment (7.0_79-b15) (build 1.7.0_79-b15)
# Java VM: Java HotSpot(TM) Client VM (24.79-b02 mixed mode, sharing windows-x86 )
Heap
 def new generation   total 4928K, used 2360K [0x24400000, 0x24950000, 0x29950000)
  eden space 4416K,  43% used [0x24400000, 0x245dcb90, 0x24850000)
  from space 512K,  88% used [0x248d0000, 0x24941558, 0x24950000)
  to   space 512K,   0% used [0x24850000, 0x24850000, 0x248d0000)
 tenured generation   total 10944K, used 4506K [0x29950000, 0x2a400000, 0x34400000)
   the space 10944K,  41% used [0x29950000, 0x29db6a78, 0x29db6c00, 0x2a400000)
 compacting perm gen  total 12288K, used 1843K [0x34400000, 0x35000000, 0x38400000)
   the space 12288K,  14% used [0x34400000, 0x345ccc98, 0x345cce00, 0x35000000)
    ro space 10240K,  42% used [0x38400000, 0x38836058, 0x38836200, 0x38e00000)
    rw space 12288K,  51% used [0x38e00000, 0x3943bdb0, 0x3943be00, 0x39a00000)
GC Heap History (6 events):
Event: 0.259 GC heap before
{Heap before GC invocations=0 (full 0):
 def new generation   total 4928K, used 1866K [0x24400000, 0x24950000, 0x29950000)
  eden space 4416K,  42% used [0x24400000, 0x245d2b88, 0x24850000)
  from space 512K,   0% used [0x24850000, 0x24850000, 0x248d0000)
  to   space 512K,   0% used [0x248d0000, 0x248d0000, 0x24950000)
 tenured generation   total 10944K, used 0K [0x29950000, 0x2a400000, 0x34400000)
   the space 10944K,   0% used [0x29950000, 0x29950000, 0x29950200, 0x2a400000)
 compacting perm gen  total 12288K, used 798K [0x34400000, 0x35000000, 0x38400000)
   the space 12288K,   6% used [0x34400000, 0x344c7830, 0x344c7a00, 0x35000000)
    ro space 10240K,  42% used [0x38400000, 0x38836058, 0x38836200, 0x38e00000)
    rw space 12288K,  51% used [0x38e00000, 0x3943bdb0, 0x3943be00, 0x39a00000)
Event: 0.266 GC heap after
Heap after GC invocations=1 (full 0):
 def new generation   total 4928K, used 512K [0x24400000, 0x24950000, 0x29950000)
  eden space 4416K,   0% used [0x24400000, 0x24400000, 0x24850000)
  from space 512K, 100% used [0x248d0000, 0x24950000, 0x24950000)
  to   space 512K,   0% used [0x24850000, 0x24850000, 0x248d0000)
 tenured generation   total 10944K, used 171K [0x29950000, 0x2a400000, 0x34400000)
   the space 10944K,   1% used [0x29950000, 0x2997af18, 0x2997b000, 0x2a400000)
 compacting perm gen  total 12288K, used 798K [0x34400000, 0x35000000, 0x38400000)
   the space 12288K,   6% used [0x34400000, 0x344c7830, 0x344c7a00, 0x35000000)
    ro space 10240K,  42% used [0x38400000, 0x38836058, 0x38836200, 0x38e00000)
    rw space 12288K,  51% used [0x38e00000, 0x3943bdb0, 0x3943be00, 0x39a00000)
}
Event: 0.326 GC heap before
{Heap before GC invocations=1 (full 0):
 def new generation   total 4928K, used 4753K [0x24400000, 0x24950000, 0x29950000)
  eden space 4416K,  96% used [0x24400000, 0x24824780, 0x24850000)
  from space 512K, 100% used [0x248d0000, 0x24950000, 0x24950000)
  to   space 512K,   0% used [0x24850000, 0x24850000, 0x248d0000)
 tenured generation   total 10944K, used 171K [0x29950000, 0x2a400000, 0x34400000)
   the space 10944K,   1% used [0x29950000, 0x2997af18, 0x2997b000, 0x2a400000)
 compacting perm gen  total 12288K, used 1062K [0x34400000, 0x35000000, 0x38400000)
   the space 12288K,   8% used [0x34400000, 0x34509b20, 0x34509c00, 0x35000000)
    ro space 10240K,  42% used [0x38400000, 0x38836058, 0x38836200, 0x38e00000)
    rw space 12288K,  51% used [0x38e00000, 0x3943bdb0, 0x3943be00, 0x39a00000)
Event: 0.333 GC heap after
Heap after GC invocations=2 (full 0):
 def new generation   total 4928K, used 221K [0x24400000, 0x24950000, 0x29950000)
  eden space 4416K,   0% used [0x24400000, 0x24400000, 0x24850000)
  from space 512K,  43% used [0x24850000, 0x24887508, 0x248d0000)
  to   space 512K,   0% used [0x248d0000, 0x248d0000, 0x24950000)
 tenured generation   total 10944K, used 3623K [0x29950000, 0x2a400000, 0x34400000)
   the space 10944K,  33% used [0x29950000, 0x29cd9f28, 0x29cda000, 0x2a400000)
 compacting perm gen  total 12288K, used 1062K [0x34400000, 0x35000000, 0x38400000)
   the space 12288K,   8% used [0x34400000, 0x34509b20, 0x34509c00, 0x35000000)
    ro space 10240K,  42% used [0x38400000, 0x38836058, 0x38836200, 0x38e00000)
    rw space 12288K,  51% used [0x38e00000, 0x3943bdb0, 0x3943be00, 0x39a00000)
}
Event: 5.944 GC heap before
{Heap before GC invocations=2 (full 0):
 def new generation   total 4928K, used 4637K [0x24400000, 0x24950000, 0x29950000)
  eden space 4416K, 100% used [0x24400000, 0x24850000, 0x24850000)
  from space 512K,  43% used [0x24850000, 0x24887508, 0x248d0000)
  to   space 512K,   0% used [0x248d0000, 0x248d0000, 0x24950000)
 tenured generation   total 10944K, used 3623K [0x29950000, 0x2a400000, 0x34400000)
   the space 10944K,  33% used [0x29950000, 0x29cd9f28, 0x29cda000, 0x2a400000)
 compacting perm gen  total 12288K, used 1702K [0x34400000, 0x35000000, 0x38400000)
   the space 12288K,  13% used [0x34400000, 0x345a99f8, 0x345a9a00, 0x35000000)
    ro space 10240K,  42% used [0x38400000, 0x38836058, 0x38836200, 0x38e00000)
    rw space 12288K,  51% used [0x38e00000, 0x3943bdb0, 0x3943be00, 0x39a00000)
Event: 5.948 GC heap after
Heap after GC invocations=3 (full 0):
 def new generation   total 4928K, used 453K [0x24400000, 0x24950000, 0x29950000)
  eden space 4416K,   0% used [0x24400000, 0x24400000, 0x24850000)
  from space 512K,  88% used [0x248d0000, 0x24941558, 0x24950000)
  to   space 512K,   0% used [0x24850000, 0x24850000, 0x248d0000)
 tenured generation   total 10944K, used 4506K [0x29950000, 0x2a400000, 0x34400000)
   the space 10944K,  41% used [0x29950000, 0x29db6a78, 0x29db6c00, 0x2a400000)
 compacting perm gen  total 12288K, used 1702K [0x34400000, 0x35000000, 0x38400000)
   the space 12288K,  13% used [0x34400000, 0x345a99f8, 0x345a9a00, 0x35000000)
    ro space 10240K,  42% used [0x38400000, 0x38836058, 0x38836200, 0x38e00000)
    rw space 12288K,  51% used [0x38e00000, 0x3943bdb0, 0x3943be00, 0x39a00000)
}

